
> movieweb@0.1.0 build
> next build

▲ Next.js 16.1.6 (Turbopack)
- Environments: .env.local

  Creating an optimized production build ...
✓ Compiled successfully in 2.1s
  Running TypeScript ...
  Collecting page data using 9 workers ...
  Generating static pages using 9 workers (0/4) ...
  Generating static pages using 9 workers (1/4) 
  Generating static pages using 9 workers (2/4) 
  Generating static pages using 9 workers (3/4) 
✓ Generating static pages using 9 workers (4/4) in 197.4ms
  Finalizing page optimization ...

Route (app)
┌ ○ /
├ ○ /_not-found
├ ƒ /category/[categoryName]
├ ○ /genres
├ ƒ /movie/[movieid]
└ ƒ /similar/[movieid]


○  (Static)   prerendered as static content
ƒ  (Dynamic)  server-rendered on demand

